\BOOKMARK [1][-]{Doc-Start}{\376\377\004\022\004\062\004\065\004\064\004\065\004\075\004\070\004\065}{}% 1
\BOOKMARK [1][-]{section.1}{\376\377\004\042\004\065\004\076\004\100\004\065\004\102\004\070\004\107\004\065\004\101\004\072\004\070\004\065\000\040\004\076\004\101\004\075\004\076\004\062\004\113\000\040\004\070\000\040\004\076\004\061\004\067\004\076\004\100\000\040\004\077\004\100\004\065\004\064\004\074\004\065\004\102\004\075\004\076\004\071\000\040\004\076\004\061\004\073\004\060\004\101\004\102\004\070}{}% 2
\BOOKMARK [2][-]{subsection.1.1}{\376\377\004\041\004\070\004\101\004\102\004\065\004\074\004\113\000\040\004\103\004\077\004\100\004\060\004\062\004\073\004\065\004\075\004\070\004\117\000\040\004\077\004\065\004\100\004\101\004\076\004\075\004\060\004\073\004\114\004\075\004\113\004\074\004\070\000\040\004\067\004\075\004\060\004\075\004\070\004\117\004\074\004\070}{section.1}% 3
\BOOKMARK [2][-]{subsection.1.2}{\376\377\004\042\004\065\004\105\004\075\004\076\004\073\004\076\004\063\004\070\004\070\000\040\004\077\004\076\004\070\004\101\004\072\004\060\000\040\004\070\000\040\004\076\004\061\004\100\004\060\004\061\004\076\004\102\004\072\004\070\000\040\004\065\004\101\004\102\004\065\004\101\004\102\004\062\004\065\004\075\004\075\004\076\004\063\004\076\000\040\004\117\004\067\004\113\004\072\004\060\000\040\004\062\000\040\004\101\004\070\004\101\004\102\004\065\004\074\004\060\004\105\000\040\000R\000A\000G}{section.1}% 4
\BOOKMARK [2][-]{subsection.1.3}{\376\377\004\020\004\075\004\060\004\073\004\070\004\067\000\040\004\101\004\103\004\111\004\065\004\101\004\102\004\062\004\103\004\116\004\111\004\070\004\105\000\040\004\100\004\065\004\110\004\065\004\075\004\070\004\071\000\040\004\064\004\073\004\117\000\040\004\077\004\076\004\101\004\102\004\100\004\076\004\065\004\075\004\070\004\117\000\040\004\063\004\100\004\060\004\104\004\076\004\062\000\040\004\067\004\075\004\060\004\075\004\070\004\071}{section.1}% 5
\BOOKMARK [2][-]{subsection.1.4}{\376\377\004\034\004\065\004\102\004\076\004\064\004\076\004\073\004\076\004\063\004\070\004\117\000\040\004\076\004\106\004\065\004\075\004\072\004\070\000\040\004\072\004\060\004\107\004\065\004\101\004\102\004\062\004\060}{section.1}% 6
\BOOKMARK [1][-]{section.2}{\376\377\004\040\004\060\004\067\004\100\004\060\004\061\004\076\004\102\004\072\004\060\000\040\004\060\004\073\004\063\004\076\004\100\004\070\004\102\004\074\004\076\004\062}{}% 7
\BOOKMARK [2][-]{subsection.2.1}{\376\377\004\020\004\100\004\105\004\070\004\102\004\065\004\072\004\102\004\103\004\100\004\060\000\040\004\060\004\073\004\063\004\076\004\100\004\070\004\102\004\074\004\060\000\040\004\077\004\076\004\101\004\102\004\100\004\076\004\065\004\075\004\070\004\117\000\040\004\063\004\100\004\060\004\104\004\060\000\040\004\067\004\075\004\060\004\075\004\070\004\071}{section.2}% 8
\BOOKMARK [2][-]{subsection.2.2}{\376\377\004\020\004\073\004\063\004\076\004\100\004\070\004\102\004\074\000\040\000G\000r\000a\000p\000h\000R\000A\000G}{section.2}% 9
\BOOKMARK [1][-]{section.3}{\376\377\004\041\004\061\004\076\004\100\000\040\004\070\000\040\004\077\004\076\004\064\004\063\004\076\004\102\004\076\004\062\004\072\004\060\000\040\004\064\004\060\004\075\004\075\004\113\004\105}{}% 10
\BOOKMARK [2][-]{subsection.3.1}{\376\377\004\037\004\076\004\070\004\101\004\072\000\040\004\064\004\060\004\075\004\075\004\113\004\105}{section.3}% 11
\BOOKMARK [2][-]{subsection.3.2}{\376\377\004\041\004\076\004\067\004\064\004\060\004\075\004\070\004\065\000\040\004\062\004\060\004\073\004\070\004\064\004\060\004\106\004\070\004\076\004\075\004\075\004\076\004\063\004\076\000\040\004\064\004\060\004\102\004\060\004\101\004\065\004\102\004\060}{section.3}% 12
\BOOKMARK [3][-]{subsubsection.3.2.1}{\376\377\004\020\004\073\004\063\004\076\004\100\004\070\004\102\004\074\000\040\004\063\004\065\004\075\004\065\004\100\004\060\004\106\004\070\004\070\000\040\004\101\004\062\004\117\004\067\004\065\004\071}{subsection.3.2}% 13
\BOOKMARK [3][-]{subsubsection.3.2.2}{\376\377\004\020\004\073\004\063\004\076\004\100\004\070\004\102\004\074\000\040\004\070\004\067\004\062\004\073\004\065\004\107\004\065\004\075\004\070\004\117\000\040\004\072\004\076\004\075\004\102\004\065\004\072\004\101\004\102\004\060}{subsection.3.2}% 14
\BOOKMARK [3][-]{subsubsection.3.2.3}{\376\377\004\020\004\073\004\063\004\076\004\100\004\070\004\102\004\074\000\040\000L\000L\000M\000-\004\072\004\073\004\060\004\101\004\101\004\070\004\104\004\070\004\072\004\060\004\106\004\070\004\070\000\040\004\076\004\102\004\075\004\076\004\110\004\065\004\075\004\070\004\071}{subsection.3.2}% 15
\BOOKMARK [1][-]{section.4}{\376\377\004\055\004\072\004\101\004\077\004\065\004\100\004\070\004\074\004\065\004\075\004\102\004\113}{}% 16
\BOOKMARK [2][-]{subsection.4.1}{\376\377\004\036\004\106\004\065\004\075\004\072\004\060\000\040\004\072\004\076\004\075\004\062\004\065\004\071\004\065\004\100\004\060\000\040\004\077\004\076\004\101\004\102\004\100\004\076\004\065\004\075\004\070\004\117\000\040\004\063\004\100\004\060\004\104\004\060\000\040\004\067\004\075\004\060\004\075\004\070\004\071}{section.4}% 17
\BOOKMARK [3][-]{subsubsection.4.1.1}{\376\377\004\030\004\067\004\062\004\073\004\065\004\107\004\065\004\075\004\070\004\065\000\040\004\072\004\060\004\075\004\064\004\070\004\064\004\060\004\102\004\075\004\113\004\105\000\040\004\077\004\060\004\100}{subsection.4.1}% 18
\BOOKMARK [3][-]{subsubsection.4.1.2}{\376\377\004\032\004\073\004\060\004\101\004\101\004\070\004\104\004\070\004\072\004\060\004\106\004\070\004\117\000\040\004\102\004\070\004\077\004\076\004\062\000\040\004\101\004\062\004\117\004\067\004\065\004\071}{subsection.4.1}% 19
\BOOKMARK [2][-]{subsection.4.2}{\376\377\004\036\004\106\004\065\004\075\004\072\004\060\000\040\004\072\004\076\004\075\004\062\004\065\004\071\004\065\004\100\004\060\000\040\000G\000r\000a\000p\000h\000R\000A\000G}{section.4}% 20
\BOOKMARK [3][-]{subsubsection.4.2.1}{\376\377\004\040\004\065\004\104\004\065\004\100\004\065\004\075\004\101\004\075\004\076\004\065\000\040\004\100\004\065\004\110\004\065\004\075\004\070\004\065\000\040\000\050\000O\000b\000s\000i\000d\000i\000a\000n\000R\000A\000G\000\051}{subsection.4.2}% 21
\BOOKMARK [3][-]{subsubsection.4.2.2}{\376\377\004\022\004\073\004\070\004\117\004\075\004\070\004\065\000\040\004\077\004\100\004\076\004\074\004\077\004\102\004\060\000\040\004\070\000\040\004\117\004\067\004\113\004\072\004\076\004\062\004\076\004\071\000\040\004\074\004\076\004\064\004\065\004\073\004\070}{subsection.4.2}% 22
\BOOKMARK [2][-]{subsection.4.3}{\376\377\004\030\004\102\004\076\004\063\004\076\004\062\004\076\004\065\000\040\004\101\004\100\004\060\004\062\004\075\004\065\004\075\004\070\004\065\000\040\004\070\000\040\004\076\004\063\004\100\004\060\004\075\004\070\004\107\004\065\004\075\004\070\004\117\000\040\004\070\004\101\004\101\004\073\004\065\004\064\004\076\004\062\004\060\004\075\004\070\004\117}{section.4}% 23
\BOOKMARK [1][-]{section.5}{\376\377\004\027\004\060\004\072\004\073\004\116\004\107\004\065\004\075\004\070\004\065}{}% 24
\BOOKMARK [1][-]{section.6}{\376\377\004\041\004\077\004\070\004\101\004\076\004\072\000\040\004\073\004\070\004\102\004\065\004\100\004\060\004\102\004\103\004\100\004\113}{}% 25
\BOOKMARK [1][-]{section.7}{\376\377\004\037\004\100\004\070\004\073\004\076\004\066\004\065\004\075\004\070\004\065}{}% 26
\BOOKMARK [2][-]{subsection.7.1}{\376\377\004\040\004\065\004\077\004\076\004\067\004\070\004\102\004\076\004\100\004\070\004\071\000\040\004\101\000\040\004\072\004\076\004\064\004\076\004\074\000:}{section.7}% 27
\BOOKMARK [2][-]{subsection.7.2}{\376\377\004\022\004\070\004\067\004\103\004\060\004\073\004\070\004\067\004\060\004\106\004\070\004\070\000\040\004\077\004\076\004\064\004\072\004\076\004\100\004\077\004\103\004\101\004\076\004\062\000\040\004\064\004\060\004\102\004\060\004\101\004\065\004\102\004\060}{section.7}% 28
